<?xml version="1.0" encoding="UTF-8"?>
<!-- Generated by org.testng.reporters.JUnitXMLReporter -->
<testsuite ignored="0" hostname="sony-VAIO" failures="1" tests="1" name="TestingIe" time="28.929" errors="0" timestamp="2024-10-29T23:46:03 CDT">
  <testcase classname="crossandparllelbrowsertesting.ParameterAnnotation_1" name="browserlaunch" time="28.913">
    <failure type="org.openqa.selenium.SessionNotCreatedException" message="Could not start a new session. Possible causes are invalid address of the remote server or browser start-up failure. 
Host info: host: &amp;apos;SONY-VAIO&amp;apos;, ip: &amp;apos;10.0.0.116&amp;apos;">
      <![CDATA[org.openqa.selenium.SessionNotCreatedException: Could not start a new session. Possible causes are invalid address of the remote server or browser start-up failure. 
Host info: host: 'SONY-VAIO', ip: '10.0.0.116'
at org.openqa.selenium.remote.RemoteWebDriver.execute(RemoteWebDriver.java:541)
at org.openqa.selenium.remote.RemoteWebDriver.startSession(RemoteWebDriver.java:237)
at org.openqa.selenium.ie.InternetExplorerDriver.run(InternetExplorerDriver.java:149)
at org.openqa.selenium.ie.InternetExplorerDriver.<init>(InternetExplorerDriver.java:135)
at org.openqa.selenium.ie.InternetExplorerDriver.<init>(InternetExplorerDriver.java:88)
at crossandparllelbrowsertesting.ParameterAnnotation_1.browserlaunch(ParameterAnnotation_1.java:32)
at java.base/java.util.ArrayList.forEach(ArrayList.java:1511)
Caused by: org.openqa.selenium.WebDriverException: Timed out waiting for driver server to bind the port.
Build info: version: '4.16.1', revision: '9b4c83354e'
System info: os.name: 'Windows 10', os.arch: 'amd64', os.version: '10.0', java.version: '17.0.8.1'
Driver info: driver.version: InternetExplorerDriver
at org.openqa.selenium.remote.service.DriverService.start(DriverService.java:250)
at org.openqa.selenium.remote.service.DriverCommandExecutor.execute(DriverCommandExecutor.java:119)
at org.openqa.selenium.remote.RemoteWebDriver.execute(RemoteWebDriver.java:523)
... 33 more
... Removed 27 stack frames]]>
    </failure>
  </testcase> <!-- browserlaunch -->
</testsuite> <!-- TestingIe -->
